<?xml version="1.0" encoding="UTF-8"?>
<!-- Generated by org.testng.reporters.JUnitXMLReporter -->
<testsuite hostname="AdarshEM-PC" name="Test Execution in Android Nexus5 Device 2" tests="3" failures="0" timestamp="1 Feb 2016 09:17:03 GMT" time="72.202" errors="0">
  <testcase name="test_a_ArticleTitleTest" time="2.294" classname="com.qm.tests.DemoTest"/>
  <testcase name="test_b_ArticleDateTestWithValidPostDate" time="0.15" classname="com.qm.tests.DemoTest"/>
  <testcase name="test_c_ArticleDateTestWithNoPostDate" time="0.155" classname="com.qm.tests.DemoTest"/>
</testsuite> <!-- Test Execution in Android Nexus5 Device 2 -->
