<?xml version="1.0" encoding="UTF-8"?>
<!-- Generated by org.testng.reporters.JUnitXMLReporter -->
<testsuite hostname="AdarshEM-PC" name="Test Execution in Android" tests="5" failures="0" timestamp="2 Feb 2016 03:20:07 GMT" time="137.877" errors="0">
  <testcase name="test_a_ArticleTitleTest" time="1.906" classname="com.qm.test.articles.ArticleListingViewTest"/>
  <testcase name="test_b_ArticleDateTestWithValidPostDate" time="0.423" classname="com.qm.test.articles.ArticleListingViewTest"/>
  <testcase name="test_c_ArticleDateTestWithNoPostDate" time="0.16" classname="com.qm.test.articles.ArticleListingViewTest"/>
  <testcase name="test_a_NoteCreationTest" time="35.458" classname="com.qm.test.mynotes.NewNoteCreationDeletionTest"/>
  <testcase name="test_b_DeleteNoteByTapAndHold" time="12.161" classname="com.qm.test.mynotes.NewNoteCreationDeletionTest"/>
</testsuite> <!-- Test Execution in Android -->
